Determining if the pthread_create exist failed with the following output:
Change Dir: /home/leecham/catkin_ws/build/CMakeFiles/CMakeTmp

Run Build Command:"/usr/bin/make" "cmTC_e8e27/fast"
/usr/bin/make -f CMakeFiles/cmTC_e8e27.dir/build.make CMakeFiles/cmTC_e8e27.dir/build
make[1]: 디렉터리 '/home/leecham/catkin_ws/build/CMakeFiles/CMakeTmp' 들어감
Building C object CMakeFiles/cmTC_e8e27.dir/CheckSymbolExists.c.o
/usr/bin/cc    -o CMakeFiles/cmTC_e8e27.dir/CheckSymbolExists.c.o   -c /home/leecham/catkin_ws/build/CMakeFiles/CMakeTmp/CheckSymbolExists.c
Linking C executable cmTC_e8e27
/usr/bin/cmake -E cmake_link_script CMakeFiles/cmTC_e8e27.dir/link.txt --verbose=1
/usr/bin/cc      -rdynamic CMakeFiles/cmTC_e8e27.dir/CheckSymbolExists.c.o  -o cmTC_e8e27 
CMakeFiles/cmTC_e8e27.dir/CheckSymbolExists.c.o: In function `main':
CheckSymbolExists.c:(.text+0x1b): undefined reference to `pthread_create'
collect2: error: ld returned 1 exit status
CMakeFiles/cmTC_e8e27.dir/build.make:97: recipe for target 'cmTC_e8e27' failed
make[1]: *** [cmTC_e8e27] Error 1
make[1]: 디렉터리 '/home/leecham/catkin_ws/build/CMakeFiles/CMakeTmp' 나감
Makefile:126: recipe for target 'cmTC_e8e27/fast' failed
make: *** [cmTC_e8e27/fast] Error 2

File /home/leecham/catkin_ws/build/CMakeFiles/CMakeTmp/CheckSymbolExists.c:
/* */
#include <pthread.h>

int main(int argc, char** argv)
{
  (void)argv;
#ifndef pthread_create
  return ((int*)(&pthread_create))[argc];
#else
  (void)argc;
  return 0;
#endif
}

Determining if the function pthread_create exists in the pthreads failed with the following output:
Change Dir: /home/leecham/catkin_ws/build/CMakeFiles/CMakeTmp

Run Build Command:"/usr/bin/make" "cmTC_c37cb/fast"
/usr/bin/make -f CMakeFiles/cmTC_c37cb.dir/build.make CMakeFiles/cmTC_c37cb.dir/build
make[1]: 디렉터리 '/home/leecham/catkin_ws/build/CMakeFiles/CMakeTmp' 들어감
Building C object CMakeFiles/cmTC_c37cb.dir/CheckFunctionExists.c.o
/usr/bin/cc   -DCHECK_FUNCTION_EXISTS=pthread_create   -o CMakeFiles/cmTC_c37cb.dir/CheckFunctionExists.c.o   -c /usr/share/cmake-3.10/Modules/CheckFunctionExists.c
Linking C executable cmTC_c37cb
/usr/bin/cmake -E cmake_link_script CMakeFiles/cmTC_c37cb.dir/link.txt --verbose=1
/usr/bin/cc  -DCHECK_FUNCTION_EXISTS=pthread_create    -rdynamic CMakeFiles/cmTC_c37cb.dir/CheckFunctionExists.c.o  -o cmTC_c37cb -lpthreads 
/usr/bin/ld: cannot find -lpthreads
collect2: error: ld returned 1 exit status
CMakeFiles/cmTC_c37cb.dir/build.make:97: recipe for target 'cmTC_c37cb' failed
make[1]: *** [cmTC_c37cb] Error 1
make[1]: 디렉터리 '/home/leecham/catkin_ws/build/CMakeFiles/CMakeTmp' 나감
Makefile:126: recipe for target 'cmTC_c37cb/fast' failed
make: *** [cmTC_c37cb/fast] Error 2


